Release 14.2 - xst P.28xd (nt64)
Copyright (c) 1995-2012 Xilinx, Inc.  All rights reserved.
--> Parameter TMPDIR set to xst/projnav.tmp


Total REAL time to Xst completion: 1.00 secs
Total CPU time to Xst completion: 0.13 secs
 
--> Parameter xsthdpdir set to xst


Total REAL time to Xst completion: 1.00 secs
Total CPU time to Xst completion: 0.13 secs
 
--> Reading design: InterruptManager.prj

TABLE OF CONTENTS
  1) Synthesis Options Summary
  2) HDL Parsing
  3) HDL Elaboration
  4) HDL Synthesis
       4.1) HDL Synthesis Report
  5) Advanced HDL Synthesis
       5.1) Advanced HDL Synthesis Report
  6) Low Level Synthesis
  7) Partition Report
  8) Design Summary
       8.1) Primitive and Black Box Usage
       8.2) Device utilization summary
       8.3) Partition Resource Summary
       8.4) Timing Report
            8.4.1) Clock Information
            8.4.2) Asynchronous Control Signals Information
            8.4.3) Timing Summary
            8.4.4) Timing Details
            8.4.5) Cross Clock Domains Report


=========================================================================
*                      Synthesis Options Summary                        *
=========================================================================
---- Source Parameters
Input File Name                    : "InterruptManager.prj"
Ignore Synthesis Constraint File   : NO

---- Target Parameters
Output File Name                   : "InterruptManager"
Output Format                      : NGC
Target Device                      : xc6slx16-2-csg324

---- Source Options
Top Module Name                    : InterruptManager
Automatic FSM Extraction           : YES
FSM Encoding Algorithm             : Auto
Safe Implementation                : No
FSM Style                          : LUT
RAM Extraction                     : Yes
RAM Style                          : Auto
ROM Extraction                     : Yes
Shift Register Extraction          : YES
ROM Style                          : Auto
Resource Sharing                   : YES
Asynchronous To Synchronous        : NO
Shift Register Minimum Size        : 2
Use DSP Block                      : Auto
Automatic Register Balancing       : No

---- Target Options
LUT Combining                      : Auto
Reduce Control Sets                : Auto
Add IO Buffers                     : YES
Global Maximum Fanout              : 100000
Add Generic Clock Buffer(BUFG)     : 16
Register Duplication               : YES
Optimize Instantiated Primitives   : NO
Use Clock Enable                   : Auto
Use Synchronous Set                : Auto
Use Synchronous Reset              : Auto
Pack IO Registers into IOBs        : Auto
Equivalent register Removal        : YES

---- General Options
Optimization Goal                  : Speed
Optimization Effort                : 1
Power Reduction                    : NO
Keep Hierarchy                     : No
Netlist Hierarchy                  : As_Optimized
RTL Output                         : Yes
Global Optimization                : AllClockNets
Read Cores                         : YES
Write Timing Constraints           : NO
Cross Clock Analysis               : NO
Hierarchy Separator                : /
Bus Delimiter                      : <>
Case Specifier                     : Maintain
Slice Utilization Ratio            : 100
BRAM Utilization Ratio             : 100
DSP48 Utilization Ratio            : 100
Auto BRAM Packing                  : NO
Slice Utilization Ratio Delta      : 5

---- Other Options
Cores Search Directories           : {"ipcore_dir"  }

=========================================================================


=========================================================================
*                          HDL Parsing                                  *
=========================================================================
Analyzing Verilog file "\\psf\home\Documents\Controller\ipcore_dir\testScreen.v" into library work
Parsing module <testScreen>.
Analyzing Verilog file "\\psf\home\Documents\Controller\ipcore_dir\testScreen_synth.v" into library work
Analyzing Verilog file "\\psf\home\Documents\Controller\InterruptManager.v" into library work
Parsing module <InterruptManager>.

=========================================================================
*                            HDL Elaboration                            *
=========================================================================

Elaborating module <InterruptManager>.

Elaborating module <testScreen>.
WARNING:HDLCompiler:1499 - "\\psf\home\Documents\Controller\ipcore_dir\testScreen.v" Line 39: Empty module <testScreen> remains a black box.

=========================================================================
*                           HDL Synthesis                               *
=========================================================================

Synthesizing Unit <InterruptManager>.
    Related source file is "\\psf\home\Documents\Controller\InterruptManager.v".
        hleft = 10'b0001110000
        hpixels = 10'b1010000000
        vleft = 10'b0000001101
        vpixels = 10'b0111100000
    Found 4-bit register for signal <tselect>.
    Found 10-bit subtractor for signal <n0015> created at line 37.
    Found 10-bit subtractor for signal <n0016> created at line 39.
    Found 8-bit adder for signal <n0026> created at line 58.
    Found 8-bit adder for signal <n0028> created at line 59.
    Found 8-bit adder for signal <n0030> created at line 60.
    Found 1-bit 128-to-1 multiplexer for signal <truehc[6]_line[127]_Mux_3_o> created at line 57.
    Found 1-bit 256-to-1 multiplexer for signal <BUS_0001_line[255]_Mux_5_o> created at line 58.
    Found 1-bit 256-to-1 multiplexer for signal <BUS_0002_line[255]_Mux_7_o> created at line 59.
    Found 1-bit 256-to-1 multiplexer for signal <BUS_0003_line[255]_Mux_9_o> created at line 60.
    Found 10-bit comparator greater for signal <GND_1_o_hcount[9]_LessThan_3_o> created at line 55
    Summary:
	inferred   5 Adder/Subtractor(s).
	inferred   4 D-type flip-flop(s).
	inferred   1 Comparator(s).
	inferred   4 Multiplexer(s).
Unit <InterruptManager> synthesized.

=========================================================================
HDL Synthesis Report

Macro Statistics
# Adders/Subtractors                                   : 5
 10-bit subtractor                                     : 2
 8-bit adder                                           : 3
# Registers                                            : 1
 4-bit register                                        : 1
# Comparators                                          : 1
 10-bit comparator greater                             : 1
# Multiplexers                                         : 4
 1-bit 128-to-1 multiplexer                            : 1
 1-bit 256-to-1 multiplexer                            : 3

=========================================================================

=========================================================================
*                       Advanced HDL Synthesis                          *
=========================================================================

Reading core <ipcore_dir/testScreen.ngc>.
Loading core <testScreen> for timing and area information for instance <screen>.

=========================================================================
Advanced HDL Synthesis Report

Macro Statistics
# Adders/Subtractors                                   : 5
 10-bit subtractor                                     : 2
 8-bit adder                                           : 3
# Registers                                            : 4
 Flip-Flops                                            : 4
# Comparators                                          : 1
 10-bit comparator greater                             : 1
# Multiplexers                                         : 4
 1-bit 128-to-1 multiplexer                            : 1
 1-bit 256-to-1 multiplexer                            : 3

=========================================================================

=========================================================================
*                         Low Level Synthesis                           *
=========================================================================

Optimizing unit <InterruptManager> ...

Mapping all equations...
Building and optimizing final netlist ...
Found area constraint ratio of 100 (+ 5) on block InterruptManager, actual ratio is 6.

Final Macro Processing ...

=========================================================================
Final Register Report

Macro Statistics
# Registers                                            : 4
 Flip-Flops                                            : 4

=========================================================================

=========================================================================
*                           Partition Report                            *
=========================================================================

Partition Implementation Status
-------------------------------

  No Partitions were found in this design.

-------------------------------

=========================================================================
*                            Design Summary                             *
=========================================================================

Top Level Output File Name         : InterruptManager.ngc

Primitive and Black Box Usage:
------------------------------
# BELS                             : 438
#      GND                         : 1
#      INV                         : 1
#      LUT2                        : 8
#      LUT3                        : 5
#      LUT4                        : 5
#      LUT5                        : 7
#      LUT6                        : 256
#      MUXF7                       : 103
#      MUXF8                       : 51
#      VCC                         : 1
# FlipFlops/Latches                : 4
#      FDCE                        : 4
# RAMS                             : 5
#      RAMB16BWER                  : 4
#      RAMB8BWER                   : 1
# Clock Buffers                    : 1
#      BUFGP                       : 1
# IO Buffers                       : 25
#      IBUF                        : 21
#      OBUF                        : 4

Device utilization summary:
---------------------------

Selected Device : 6slx16csg324-2 


Slice Logic Utilization: 
 Number of Slice Registers:               4  out of  18224     0%  
 Number of Slice LUTs:                  282  out of   9112     3%  
    Number used as Logic:               282  out of   9112     3%  

Slice Logic Distribution: 
 Number of LUT Flip Flop pairs used:    285
   Number with an unused Flip Flop:     281  out of    285    98%  
   Number with an unused LUT:             3  out of    285     1%  
   Number of fully used LUT-FF pairs:     1  out of    285     0%  
   Number of unique control sets:         1

IO Utilization: 
 Number of IOs:                          26
 Number of bonded IOBs:                  26  out of    232    11%  

Specific Feature Utilization:
 Number of Block RAM/FIFO:                5  out of     32    15%  
    Number using Block RAM only:          5
 Number of BUFG/BUFGCTRLs:                1  out of     16     6%  

---------------------------
Partition Resource Summary:
---------------------------

  No Partitions were found in this design.

---------------------------


=========================================================================
Timing Report

NOTE: THESE TIMING NUMBERS ARE ONLY A SYNTHESIS ESTIMATE.
      FOR ACCURATE TIMING INFORMATION PLEASE REFER TO THE TRACE REPORT
      GENERATED AFTER PLACE-and-ROUTE.

Clock Information:
------------------
-----------------------------------+------------------------+-------+
Clock Signal                       | Clock buffer(FF name)  | Load  |
-----------------------------------+------------------------+-------+
clk                                | BUFGP                  | 9     |
-----------------------------------+------------------------+-------+

Asynchronous Control Signals Information:
----------------------------------------
No asynchronous control signals found in this design

Timing Summary:
---------------
Speed Grade: -2

   Minimum period: 6.107ns (Maximum Frequency: 163.747MHz)
   Minimum input arrival time before clock: 8.953ns
   Maximum output required time after clock: 4.118ns
   Maximum combinational path delay: No path found

Timing Details:
---------------
All values displayed in nanoseconds (ns)

=========================================================================
Timing constraint: Default period analysis for Clock 'clk'
  Clock period: 6.107ns (frequency: 163.747MHz)
  Total number of paths / destination ports: 896 / 4
-------------------------------------------------------------------------
Delay:               6.107ns (Levels of Logic = 5)
  Source:            screen/U0/xst_blk_mem_generator/gnativebmg.native_blk_mem_gen/valid.cstr/ramloop[1].ram.r/s6_init.ram/SP.WIDE_PRIM18.ram (RAM)
  Destination:       tselect_0 (FF)
  Source Clock:      clk rising
  Destination Clock: clk rising

  Data Path: screen/U0/xst_blk_mem_generator/gnativebmg.native_blk_mem_gen/valid.cstr/ramloop[1].ram.r/s6_init.ram/SP.WIDE_PRIM18.ram to tselect_0
                                Gate     Net
    Cell:in->out      fanout   Delay   Delay  Logical Name (Net Name)
    ----------------------------------------  ------------
     RAMB16BWER:CLKB->DOPB3    4   2.100   1.080  U0/xst_blk_mem_generator/gnativebmg.native_blk_mem_gen/valid.cstr/ramloop[1].ram.r/s6_init.ram/SP.WIDE_PRIM18.ram (douta<107>)
     end scope: 'screen:douta<107>'
     LUT6:I2->O            1   0.254   0.958  Mmux_truehc[6]_line[127]_Mux_3_o_134 (Mmux_truehc[6]_line[127]_Mux_3_o_134)
     LUT6:I2->O            1   0.254   0.958  Mmux_truehc[6]_line[127]_Mux_3_o_81 (Mmux_truehc[6]_line[127]_Mux_3_o_81)
     LUT6:I2->O            1   0.254   0.000  Mmux_truehc[6]_line[127]_Mux_3_o_3 (Mmux_truehc[6]_line[127]_Mux_3_o_3)
     MUXF7:I1->O           1   0.175   0.000  Mmux_truehc[6]_line[127]_Mux_3_o_2_f7 (truehc[6]_line[127]_Mux_3_o)
     FDCE:D                    0.074          tselect_0
    ----------------------------------------
    Total                      6.107ns (3.111ns logic, 2.996ns route)
                                       (50.9% logic, 49.1% route)

=========================================================================
Timing constraint: Default OFFSET IN BEFORE for Clock 'clk'
  Total number of paths / destination ports: 1858 / 82
-------------------------------------------------------------------------
Offset:              8.953ns (Levels of Logic = 8)
  Source:            hcount<3> (PAD)
  Destination:       tselect_1 (FF)
  Destination Clock: clk rising

  Data Path: hcount<3> to tselect_1
                                Gate     Net
    Cell:in->out      fanout   Delay   Delay  Logical Name (Net Name)
    ----------------------------------------  ------------
     IBUF:I->O           236   1.328   2.427  hcount_3_IBUF (Madd_n0026_cy<0>)
     LUT2:I1->O          128   0.254   2.750  Madd_n0026_xor<1>11 (n0026<1>)
     LUT6:I0->O            1   0.254   0.000  Mmux_BUS_0001_line[255]_Mux_5_o_113 (Mmux_BUS_0001_line[255]_Mux_5_o_113)
     MUXF7:I1->O           1   0.175   0.000  Mmux_BUS_0001_line[255]_Mux_5_o_10_f7_1 (Mmux_BUS_0001_line[255]_Mux_5_o_10_f72)
     MUXF8:I1->O           1   0.152   0.958  Mmux_BUS_0001_line[255]_Mux_5_o_9_f8_0 (Mmux_BUS_0001_line[255]_Mux_5_o_9_f81)
     LUT6:I2->O            1   0.254   0.000  Mmux_BUS_0001_line[255]_Mux_5_o_4 (Mmux_BUS_0001_line[255]_Mux_5_o_4)
     MUXF7:I1->O           1   0.175   0.000  Mmux_BUS_0001_line[255]_Mux_5_o_3_f7 (Mmux_BUS_0001_line[255]_Mux_5_o_3_f7)
     MUXF8:I1->O           1   0.152   0.000  Mmux_BUS_0001_line[255]_Mux_5_o_2_f8 (BUS_0001_line[255]_Mux_5_o)
     FDCE:D                    0.074          tselect_1
    ----------------------------------------
    Total                      8.953ns (2.818ns logic, 6.135ns route)
                                       (31.5% logic, 68.5% route)

=========================================================================
Timing constraint: Default OFFSET OUT AFTER for Clock 'clk'
  Total number of paths / destination ports: 4 / 4
-------------------------------------------------------------------------
Offset:              4.118ns (Levels of Logic = 1)
  Source:            tselect_3 (FF)
  Destination:       tselect<3> (PAD)
  Source Clock:      clk rising

  Data Path: tselect_3 to tselect<3>
                                Gate     Net
    Cell:in->out      fanout   Delay   Delay  Logical Name (Net Name)
    ----------------------------------------  ------------
     FDCE:C->Q             1   0.525   0.681  tselect_3 (tselect_3)
     OBUF:I->O                 2.912          tselect_3_OBUF (tselect<3>)
    ----------------------------------------
    Total                      4.118ns (3.437ns logic, 0.681ns route)
                                       (83.5% logic, 16.5% route)

=========================================================================

Cross Clock Domains Report:
--------------------------

Clock to Setup on destination clock clk
---------------+---------+---------+---------+---------+
               | Src:Rise| Src:Fall| Src:Rise| Src:Fall|
Source Clock   |Dest:Rise|Dest:Rise|Dest:Fall|Dest:Fall|
---------------+---------+---------+---------+---------+
clk            |    6.107|         |         |         |
---------------+---------+---------+---------+---------+

=========================================================================


Total REAL time to Xst completion: 9.00 secs
Total CPU time to Xst completion: 8.97 secs
 
--> 

Total memory usage is 253388 kilobytes

Number of errors   :    0 (   0 filtered)
Number of warnings :    1 (   0 filtered)
Number of infos    :    0 (   0 filtered)

