ISim log file
Running: Y:\Desktop\github\DigitalProject2\VGA\Controller\testwithoutwizard_isim_beh.exe -intstyle ise -gui -tclbatch isim.cmd -wdb Y:/Desktop/github/DigitalProject2/VGA/Controller/testwithoutwizard_isim_beh.wdb 
ISim P.28xd (signature 0xa0883be4)
This is a Full version of ISim.
Time resolution is 1 ps
# onerror resume
# wave add /
# run 3000ns
Simulator is doing circuit initialization process.
 Block Memory Generator CORE Generator module loading initial data...
 Block Memory Generator data initialization complete.
Block Memory Generator CORE Generator module testwithoutwizard.uut.inter.screen.inst.\native_mem_module.blk_mem_gen_v7_2_inst  is using a behavioral model for simulation which will not precisely model memory collision behavior.
 Block Memory Generator CORE Generator module loading initial data...
 Block Memory Generator data initialization complete.
Block Memory Generator CORE Generator module testwithoutwizard.uut.col.tts.inst.\native_mem_module.blk_mem_gen_v7_2_inst  is using a behavioral model for simulation which will not precisely model memory collision behavior.
Finished circuit initialization process.
ISim P.28xd (signature 0xa0883be4)
This is a Full version of ISim.
# run 3000ns
Simulator is doing circuit initialization process.
 Block Memory Generator CORE Generator module loading initial data...
 Block Memory Generator data initialization complete.
Block Memory Generator CORE Generator module testwithoutwizard.uut.inter.screen.inst.\native_mem_module.blk_mem_gen_v7_2_inst  is using a behavioral model for simulation which will not precisely model memory collision behavior.
 Block Memory Generator CORE Generator module loading initial data...
 Block Memory Generator data initialization complete.
Block Memory Generator CORE Generator module testwithoutwizard.uut.col.tts.inst.\native_mem_module.blk_mem_gen_v7_2_inst  is using a behavioral model for simulation which will not precisely model memory collision behavior.
Finished circuit initialization process.
