Release 14.2 - ngc2edif P.28xd (nt64)
Copyright (c) 1995-2012 Xilinx, Inc.  All rights reserved.
Reading design testBigMod.ngc ...
WARNING:NetListWriters:298 - No output is written to testBigMod.xncf, ignored.
Processing design ...
   Preping design's networks ...
   Preping design's macros ...
  finished :Prep
Writing EDIF netlist file testBigMod.edif ...
ngc2edif: Total memory usage is 78484 kilobytes

Release 14.2 - ngc2edif P.28xd (nt64)
Copyright (c) 1995-2012 Xilinx, Inc.  All rights reserved.
Reading design screenS.ngc ...
WARNING:NetListWriters:298 - No output is written to screenS.xncf, ignored.
Processing design ...
   Preping design's networks ...
   Preping design's macros ...
  finished :Prep
Writing EDIF netlist file screenS.edif ...
ngc2edif: Total memory usage is 79700 kilobytes

Release 14.2 - ngc2edif P.28xd (nt64)
Copyright (c) 1995-2012 Xilinx, Inc.  All rights reserved.
Reading design tilesetS.ngc ...
WARNING:NetListWriters:298 - No output is written to tilesetS.xncf, ignored.
Processing design ...
   Preping design's networks ...
   Preping design's macros ...
  finished :Prep
Writing EDIF netlist file tilesetS.edif ...
ngc2edif: Total memory usage is 79892 kilobytes

