Release 14.2 - xst P.28xd (nt64)
Copyright (c) 1995-2012 Xilinx, Inc.  All rights reserved.
--> Parameter TMPDIR set to xst/projnav.tmp


Total REAL time to Xst completion: 0.00 secs
Total CPU time to Xst completion: 0.14 secs
 
--> Parameter xsthdpdir set to xst


Total REAL time to Xst completion: 0.00 secs
Total CPU time to Xst completion: 0.14 secs
 
--> Reading design: VController.prj

TABLE OF CONTENTS
  1) Synthesis Options Summary
  2) HDL Parsing
  3) HDL Elaboration
  4) HDL Synthesis
       4.1) HDL Synthesis Report
  5) Advanced HDL Synthesis
       5.1) Advanced HDL Synthesis Report
  6) Low Level Synthesis
  7) Partition Report
  8) Design Summary
       8.1) Primitive and Black Box Usage
       8.2) Device utilization summary
       8.3) Partition Resource Summary
       8.4) Timing Report
            8.4.1) Clock Information
            8.4.2) Asynchronous Control Signals Information
            8.4.3) Timing Summary
            8.4.4) Timing Details
            8.4.5) Cross Clock Domains Report


=========================================================================
*                      Synthesis Options Summary                        *
=========================================================================
---- Source Parameters
Input File Name                    : "VController.prj"
Ignore Synthesis Constraint File   : NO

---- Target Parameters
Output File Name                   : "VController"
Output Format                      : NGC
Target Device                      : xc6slx16-2-csg324

---- Source Options
Top Module Name                    : VController
Automatic FSM Extraction           : YES
FSM Encoding Algorithm             : Auto
Safe Implementation                : No
FSM Style                          : LUT
RAM Extraction                     : Yes
RAM Style                          : Auto
ROM Extraction                     : Yes
Shift Register Extraction          : YES
ROM Style                          : Auto
Resource Sharing                   : YES
Asynchronous To Synchronous        : NO
Shift Register Minimum Size        : 2
Use DSP Block                      : Auto
Automatic Register Balancing       : No

---- Target Options
LUT Combining                      : Auto
Reduce Control Sets                : Auto
Add IO Buffers                     : YES
Global Maximum Fanout              : 100000
Add Generic Clock Buffer(BUFG)     : 16
Register Duplication               : YES
Optimize Instantiated Primitives   : NO
Use Clock Enable                   : Auto
Use Synchronous Set                : Auto
Use Synchronous Reset              : Auto
Pack IO Registers into IOBs        : Auto
Equivalent register Removal        : YES

---- General Options
Optimization Goal                  : Speed
Optimization Effort                : 1
Power Reduction                    : NO
Keep Hierarchy                     : No
Netlist Hierarchy                  : As_Optimized
RTL Output                         : Yes
Global Optimization                : AllClockNets
Read Cores                         : YES
Write Timing Constraints           : NO
Cross Clock Analysis               : NO
Hierarchy Separator                : /
Bus Delimiter                      : <>
Case Specifier                     : Maintain
Slice Utilization Ratio            : 100
BRAM Utilization Ratio             : 100
DSP48 Utilization Ratio            : 100
Auto BRAM Packing                  : NO
Slice Utilization Ratio Delta      : 5

---- Other Options
Cores Search Directories           : {"ipcore_dir"  }

=========================================================================


=========================================================================
*                          HDL Parsing                                  *
=========================================================================
Analyzing Verilog file "\\psf\home\Documents\Controller\VController.v" into library work
Parsing module <VController>.
Analyzing Verilog file "\\psf\home\Documents\Controller\ipcore_dir\testScreen_synth.v" into library work

=========================================================================
*                            HDL Elaboration                            *
=========================================================================

Elaborating module <VController>.

=========================================================================
*                           HDL Synthesis                               *
=========================================================================

Synthesizing Unit <VController>.
    Related source file is "\\psf\home\Documents\Controller\VController.v".
        hpixels = 10'b1010000000
        hbackporch = 10'b0000110000
        hfrontporch = 10'b0000010000
        hpulsewidth = 10'b0001100000
        vpixels = 10'b0111100000
        vbackporch = 10'b0000011111
        vfrontporch = 10'b0000001011
        vpulsewidth = 10'b0000000010
    Found 1-bit register for signal <vsync>.
    Found 1-bit register for signal <hsync>.
    Found 10-bit register for signal <hcount>.
    Found 10-bit register for signal <vcount>.
    Found 1-bit register for signal <flag>.
    Found 1-bit register for signal <bright>.
    Found 10-bit adder for signal <hcount[9]_GND_1_o_add_6_OUT> created at line 58.
    Found 10-bit adder for signal <vcount[9]_GND_1_o_add_15_OUT> created at line 80.
    Found 10-bit comparator greater for signal <GND_1_o_hcount[9]_LessThan_1_o> created at line 45
    Found 10-bit comparator greater for signal <GND_1_o_vcount[9]_LessThan_3_o> created at line 46
    Found 10-bit comparator greater for signal <hcount[9]_PWR_1_o_LessThan_6_o> created at line 57
    Found 10-bit comparator lessequal for signal <n0010> created at line 67
    Found 10-bit comparator greater for signal <hcount[9]_PWR_1_o_LessThan_12_o> created at line 67
    Found 10-bit comparator greater for signal <vcount[9]_PWR_1_o_LessThan_15_o> created at line 79
    Found 10-bit comparator greater for signal <vcount[9]_GND_1_o_LessThan_21_o> created at line 95
    Summary:
	inferred   2 Adder/Subtractor(s).
	inferred  24 D-type flip-flop(s).
	inferred   7 Comparator(s).
	inferred   1 Multiplexer(s).
Unit <VController> synthesized.

=========================================================================
HDL Synthesis Report

Macro Statistics
# Adders/Subtractors                                   : 2
 10-bit adder                                          : 2
# Registers                                            : 6
 1-bit register                                        : 4
 10-bit register                                       : 2
# Comparators                                          : 7
 10-bit comparator greater                             : 6
 10-bit comparator lessequal                           : 1
# Multiplexers                                         : 1
 10-bit 2-to-1 multiplexer                             : 1

=========================================================================

=========================================================================
*                       Advanced HDL Synthesis                          *
=========================================================================


Synthesizing (advanced) Unit <VController>.
The following registers are absorbed into counter <hcount>: 1 register on signal <hcount>.
The following registers are absorbed into counter <vcount>: 1 register on signal <vcount>.
Unit <VController> synthesized (advanced).

=========================================================================
Advanced HDL Synthesis Report

Macro Statistics
# Counters                                             : 2
 10-bit up counter                                     : 2
# Registers                                            : 4
 Flip-Flops                                            : 4
# Comparators                                          : 7
 10-bit comparator greater                             : 6
 10-bit comparator lessequal                           : 1

=========================================================================

=========================================================================
*                         Low Level Synthesis                           *
=========================================================================

Optimizing unit <VController> ...

Mapping all equations...
Building and optimizing final netlist ...
Found area constraint ratio of 100 (+ 5) on block VController, actual ratio is 0.

Final Macro Processing ...

=========================================================================
Final Register Report

Macro Statistics
# Registers                                            : 24
 Flip-Flops                                            : 24

=========================================================================

=========================================================================
*                           Partition Report                            *
=========================================================================

Partition Implementation Status
-------------------------------

  No Partitions were found in this design.

-------------------------------

=========================================================================
*                            Design Summary                             *
=========================================================================

Top Level Output File Name         : VController.ngc

Primitive and Black Box Usage:
------------------------------
# BELS                             : 99
#      GND                         : 1
#      INV                         : 1
#      LUT1                        : 9
#      LUT2                        : 3
#      LUT3                        : 15
#      LUT4                        : 2
#      LUT5                        : 7
#      LUT6                        : 22
#      MUXCY                       : 18
#      VCC                         : 1
#      XORCY                       : 20
# FlipFlops/Latches                : 24
#      FDC                         : 12
#      FDCE                        : 10
#      FDP                         : 2
# Clock Buffers                    : 1
#      BUFGP                       : 1
# IO Buffers                       : 24
#      IBUF                        : 1
#      OBUF                        : 23

Device utilization summary:
---------------------------

Selected Device : 6slx16csg324-2 


Slice Logic Utilization: 
 Number of Slice Registers:              24  out of  18224     0%  
 Number of Slice LUTs:                   59  out of   9112     0%  
    Number used as Logic:                59  out of   9112     0%  

Slice Logic Distribution: 
 Number of LUT Flip Flop pairs used:     59
   Number with an unused Flip Flop:      35  out of     59    59%  
   Number with an unused LUT:             0  out of     59     0%  
   Number of fully used LUT-FF pairs:    24  out of     59    40%  
   Number of unique control sets:         2

IO Utilization: 
 Number of IOs:                          25
 Number of bonded IOBs:                  25  out of    232    10%  

Specific Feature Utilization:
 Number of BUFG/BUFGCTRLs:                1  out of     16     6%  

---------------------------
Partition Resource Summary:
---------------------------

  No Partitions were found in this design.

---------------------------


=========================================================================
Timing Report

NOTE: THESE TIMING NUMBERS ARE ONLY A SYNTHESIS ESTIMATE.
      FOR ACCURATE TIMING INFORMATION PLEASE REFER TO THE TRACE REPORT
      GENERATED AFTER PLACE-and-ROUTE.

Clock Information:
------------------
-----------------------------------+------------------------+-------+
Clock Signal                       | Clock buffer(FF name)  | Load  |
-----------------------------------+------------------------+-------+
clk                                | BUFGP                  | 24    |
-----------------------------------+------------------------+-------+

Asynchronous Control Signals Information:
----------------------------------------
No asynchronous control signals found in this design

Timing Summary:
---------------
Speed Grade: -2

   Minimum period: 4.391ns (Maximum Frequency: 227.739MHz)
   Minimum input arrival time before clock: 3.166ns
   Maximum output required time after clock: 4.645ns
   Maximum combinational path delay: No path found

Timing Details:
---------------
All values displayed in nanoseconds (ns)

=========================================================================
Timing constraint: Default period analysis for Clock 'clk'
  Clock period: 4.391ns (frequency: 227.739MHz)
  Total number of paths / destination ports: 661 / 34
-------------------------------------------------------------------------
Delay:               4.391ns (Levels of Logic = 3)
  Source:            vcount_2 (FF)
  Destination:       vcount_0 (FF)
  Source Clock:      clk rising
  Destination Clock: clk rising

  Data Path: vcount_2 to vcount_0
                                Gate     Net
    Cell:in->out      fanout   Delay   Delay  Logical Name (Net Name)
    ----------------------------------------  ------------
     FDCE:C->Q             7   0.525   1.340  vcount_2 (vcount_2)
     LUT5:I0->O           10   0.254   1.008  flag_vcount[9]_AND_6_o_SW0 (N5)
     LUT6:I5->O            1   0.254   0.682  vcount_0_dpot (vcount_0_dpot)
     LUT3:I2->O            1   0.254   0.000  vcount_0_dpot1 (vcount_0_dpot1)
     FDCE:D                    0.074          vcount_0
    ----------------------------------------
    Total                      4.391ns (1.361ns logic, 3.030ns route)
                                       (31.0% logic, 69.0% route)

=========================================================================
Timing constraint: Default OFFSET IN BEFORE for Clock 'clk'
  Total number of paths / destination ports: 24 / 24
-------------------------------------------------------------------------
Offset:              3.166ns (Levels of Logic = 1)
  Source:            rst (PAD)
  Destination:       vsync (FF)
  Destination Clock: clk rising

  Data Path: rst to vsync
                                Gate     Net
    Cell:in->out      fanout   Delay   Delay  Logical Name (Net Name)
    ----------------------------------------  ------------
     IBUF:I->O            24   1.328   1.379  rst_IBUF (rst_IBUF)
     FDP:PRE                   0.459          vsync
    ----------------------------------------
    Total                      3.166ns (1.787ns logic, 1.379ns route)
                                       (56.4% logic, 43.6% route)

=========================================================================
Timing constraint: Default OFFSET OUT AFTER for Clock 'clk'
  Total number of paths / destination ports: 23 / 23
-------------------------------------------------------------------------
Offset:              4.645ns (Levels of Logic = 1)
  Source:            hcount_9 (FF)
  Destination:       hcount<9> (PAD)
  Source Clock:      clk rising

  Data Path: hcount_9 to hcount<9>
                                Gate     Net
    Cell:in->out      fanout   Delay   Delay  Logical Name (Net Name)
    ----------------------------------------  ------------
     FDC:C->Q             17   0.525   1.208  hcount_9 (hcount_9)
     OBUF:I->O                 2.912          hcount_9_OBUF (hcount<9>)
    ----------------------------------------
    Total                      4.645ns (3.437ns logic, 1.208ns route)
                                       (74.0% logic, 26.0% route)

=========================================================================

Cross Clock Domains Report:
--------------------------

Clock to Setup on destination clock clk
---------------+---------+---------+---------+---------+
               | Src:Rise| Src:Fall| Src:Rise| Src:Fall|
Source Clock   |Dest:Rise|Dest:Rise|Dest:Fall|Dest:Fall|
---------------+---------+---------+---------+---------+
clk            |    4.391|         |         |         |
---------------+---------+---------+---------+---------+

=========================================================================


Total REAL time to Xst completion: 7.00 secs
Total CPU time to Xst completion: 7.21 secs
 
--> 

Total memory usage is 249932 kilobytes

Number of errors   :    0 (   0 filtered)
Number of warnings :    0 (   0 filtered)
Number of infos    :    0 (   0 filtered)

